[LOG] System::create                           : Header version = 1.10.05. Current version = 1.10.05.
[LOG] SystemI::setOutputInternal               : Setting output to 'FMOD WASAPI Output'
[LOG] Manager::init                            : maxchannels = 1024 studioflags = 00000009 flags 00000000 extradriverdata 0000000000000000.
[LOG] SystemI::init                            : Initialize version=11005 (94661), maxchannels=1024, flags=0x00030000
[LOG] OutputWASAPI::init                       : Mix Format (WAVEFORMATEX): wFormatTag=0xFFFE, nChannels=2, nSamplesPerSec=48000, nAvgBytesPerSec=384000, nBlockAlign=8, wBitsPerSample=32, cbSize=22.
[LOG] OutputWASAPI::init                       : Mix Format (WAVEFORMATEXTENSIBLE): wValidBitsPerSample=32, dwChannelMask=0x00000003, SubFormat=00000003-0000-0010-8000-00AA00389B71.
[LOG] OutputWASAPI::init                       : Output buffer size: 4096 samples, latency: 10.67ms, period: 10.00ms, DSP buffer: 1024 * 4
[LOG] Thread::initThread                       : Init FMOD stream thread. Priority: 2, Stack Size: 65536, Semaphore: No, Sleep Time: 10, Looping: Yes.
[LOG] SystemI::DSPCodecPoolRegister            : register codec pool for pool type 5
[LOG] Thread::initThread                       : Init FMOD mixer thread. Priority: 3, Stack Size: 49152, Semaphore: No, Sleep Time: 0, Looping: Yes.
[LOG] AsyncManager::init                       : manager 00000000AA8E73A8 isAsync 1 updatePeriod 0.02
[LOG] Thread::initThread                       : Init FMOD Studio update thread. Priority: 0, Stack Size: 65536, Semaphore: No, Sleep Time: 1, Looping: No.
[LOG] AsyncManager::init                       : done
[LOG] PlaybackSystem::init                     : 
[LOG] Thread::initThread                       : Init FMOD Studio sample load thread. Priority: 0, Stack Size: 65536, Semaphore: No, Sleep Time: 1, Looping: No.
[LOG] PlaybackSystem::init                     : done
[LOG] LiveUpdate::init                         : 
[LOG] Thread::initThread                       : Init FMOD Studio bank load thread. Priority: 0, Stack Size: 65536, Semaphore: No, Sleep Time: 1, Looping: No.
[LOG] Manager::init                            : done.
[LOG] Profile::init                            : Profiler listening on port: 9264
[LOG] Manager::readBank                        : fileversion = 99, compatVersion = 99 (oldest = 44, newest = 100)
[LOG] Manager::readBank                        : fileversion = 99, compatVersion = 99 (oldest = 44, newest = 100)
[LOG] PlaybackSystem::acquireMasterBus         : Setting master channel group format to 3
[LOG] SystemI::createSound                     : filename = Assets\FMODBANKS\Desktop/Master Bank.bank : mode 02010082
[LOG] SystemI::createSound                     : FMOD_NONBLOCKING specified.  Putting into queue to be opened asynchronously!
[LOG] Thread::initThread                       : Init FMOD nonblocking thread (0). Priority: 1, Stack Size: 81920, Semaphore: Yes, Sleep Time: 0, Looping: Yes.
[LOG] SystemI::createSound                     : setdata soundi = 00000000AA7976C8 : node = 00000000AB14EC60
[LOG] SystemI::createSound                     : add node to async list : head = 00000000AA7A9878.  list count = 0
[LOG] AsyncThread::threadFunc                  : Starting Asynchronous operation on sound 00000000AA7976C8
[LOG] SystemI::createSoundInternal             :     Create name='Assets\FMODBANKS\Desktop/Master Bank.bank', mode=0x02010082
[LOG] SystemI::createSoundInternal             :     exinfo->cbsize             = 232
[LOG] SystemI::createSoundInternal             :     exinfo->length             = 83395840
[LOG] SystemI::createSoundInternal             :     exinfo->fileoffset         = 175232
[LOG] SystemI::createSoundInternal             :     exinfo->numsubsounds       = 1
[LOG] SystemI::createSoundInternal             :     exinfo->inclusionlist      = 00000000AB14ED78
[LOG] SystemI::createSoundInternal             :     exinfo->inclusionlistnum   = 1
[LOG] SystemI::createSoundInternal             :     exinfo->suggestedsoundtype = 5
[LOG] SystemI::createSoundInternal             :     exinfo->initialseekposition = 3200
[LOG] SystemI::createSoundInternal             :     exinfo->initialseekpostype = 1
[LOG] SystemI::createSoundInternal             :     Stream 0/1: name='Last_Day_Outside', format=2, channels=2, frequency=48000, lengthbytes=4842592, lengthpcm=6912000, pcmblocksize=0, loopstart=0, loopend=0, mode=0x00000000, channelmask=0x00000000, channelorder=0, peakvolume=0.340403.
[LOG] Thread::initThread                       :     Init FMOD file thread. Priority: 1, Stack Size: 16384, Semaphore: No, Sleep Time: 10, Looping: Yes.
[LOG] AsyncThread::threadFunc                  : Finished Asynchronous operation on sound 00000000AA7976C8
[LOG] SoundI::getSubSound                      : sound 00000000AA7976C8.  Subsound index 0 / 1
[LOG] SystemI::createSoundInternal             : Create name='', mode=0x02000202
[LOG] SystemI::createSoundInternal             : exinfo->cbsize             = 232
[LOG] SystemI::createSoundInternal             : exinfo->length             = 83395840
[LOG] SystemI::createSoundInternal             : exinfo->fileoffset         = 175232
[LOG] SystemI::createSoundInternal             : exinfo->numsubsounds       = 1
[LOG] SystemI::createSoundInternal             : exinfo->inclusionlist      = 000000007400F5FC
[LOG] SystemI::createSoundInternal             : exinfo->inclusionlistnum   = 1
[LOG] SystemI::createSoundInternal             : exinfo->suggestedsoundtype = 5
[LOG] SystemI::createSoundInternal             : exinfo->useropen           = 000007FEDE0CE4B0
[LOG] SystemI::createSoundInternal             : exinfo->userclose          = 000007FEDE0CE480
[LOG] SystemI::createSoundInternal             : exinfo->userread           = 000007FEDE0CE580
[LOG] SystemI::createSoundInternal             : exinfo->userseek           = 000007FEDE0CE640
[LOG] SystemI::createSoundInternal             : exinfo->fileuserdata       = 000000006F1A4158
[LOG] SystemI::createSoundInternal             : exinfo->initialseekpostype = 1
[LOG] SystemI::DSPCodecPoolRegister            : register codec pool for pool type 5
[LOG] SystemI::createSoundInternal             : Sample 0/1: name='replikovrig_02_ila_atadistance,happy_3', format=2, channels=2, frequency=48000, lengthbytes=83040, lengthpcm=110370, pcmblocksize=0, loopstart=0, loopend=0, mode=0x00000000, channelmask=0x00000000, channelorder=0, peakvolume=0.991180.
[LOG] SystemI::createSoundInternal             : Create name='', mode=0x02000202
[LOG] SystemI::createSoundInternal             : exinfo->cbsize             = 232
[LOG] SystemI::createSoundInternal             : exinfo->length             = 83395840
[LOG] SystemI::createSoundInternal             : exinfo->fileoffset         = 175232
[LOG] SystemI::createSoundInternal             : exinfo->numsubsounds       = 1
[LOG] SystemI::createSoundInternal             : exinfo->inclusionlist      = 000000007400F5FC
[LOG] SystemI::createSoundInternal             : exinfo->inclusionlistnum   = 1
[LOG] SystemI::createSoundInternal             : exinfo->suggestedsoundtype = 5
[LOG] SystemI::createSoundInternal             : exinfo->useropen           = 000007FEDE0CE4B0
[LOG] SystemI::createSoundInternal             : exinfo->userclose          = 000007FEDE0CE480
[LOG] SystemI::createSoundInternal             : exinfo->userread           = 000007FEDE0CE580
[LOG] SystemI::createSoundInternal             : exinfo->userseek           = 000007FEDE0CE640
[LOG] SystemI::createSoundInternal             : exinfo->fileuserdata       = 000000006F1A4158
[LOG] SystemI::createSoundInternal             : exinfo->initialseekpostype = 1
[LOG] SystemI::DSPCodecPoolRegister            : register codec pool for pool type 5
[LOG] SystemI::createSoundInternal             : Sample 0/1: name='replikovrig_03_ila_command,closeby,calm_2', format=2, channels=2, frequency=48000, lengthbytes=54592, lengthpcm=85418, pcmblocksize=0, loopstart=0, loopend=0, mode=0x00000000, channelmask=0x00000000, channelorder=0, peakvolume=0.941315.
[LOG] SystemI::createSoundInternal             : Create name='', mode=0x02000202
[LOG] SystemI::createSoundInternal             : exinfo->cbsize             = 232
[LOG] SystemI::createSoundInternal             : exinfo->length             = 83395840
[LOG] SystemI::createSoundInternal             : exinfo->fileoffset         = 175232
[LOG] SystemI::createSoundInternal             : exinfo->numsubsounds       = 1
[LOG] SystemI::createSoundInternal             : exinfo->inclusionlist      = 000000007400F5FC
[LOG] SystemI::createSoundInternal             : exinfo->inclusionlistnum   = 1
[LOG] SystemI::createSoundInternal             : exinfo->suggestedsoundtype = 5
[LOG] SystemI::createSoundInternal             : exinfo->useropen           = 000007FEDE0CE4B0
[LOG] SystemI::createSoundInternal             : exinfo->userclose          = 000007FEDE0CE480
[LOG] SystemI::createSoundInternal             : exinfo->userread           = 000007FEDE0CE580
[LOG] SystemI::createSoundInternal             : exinfo->userseek           = 000007FEDE0CE640
[LOG] SystemI::createSoundInternal             : exinfo->fileuserdata       = 000000006F1A4158
[LOG] SystemI::createSoundInternal             : exinfo->initialseekpostype = 1
[LOG] SystemI::DSPCodecPoolRegister            : register codec pool for pool type 5
[LOG] SystemI::createSoundInternal             : Sample 0/1: name='replikovrig_16_itstoocoldicantsleep', format=2, channels=2, frequency=48000, lengthbytes=243360, lengthpcm=306003, pcmblocksize=0, loopstart=0, loopend=0, mode=0x00000000, channelmask=0x00000000, channelorder=0, peakvolume=0.967163.
[LOG] SystemI::createSoundInternal             : Create name='', mode=0x02000202
[LOG] SystemI::createSoundInternal             : exinfo->cbsize             = 232
[LOG] SystemI::createSoundInternal             : exinfo->length             = 83395840
[LOG] SystemI::createSoundInternal             : exinfo->fileoffset         = 175232
[LOG] SystemI::createSoundInternal             : exinfo->numsubsounds       = 1
[LOG] SystemI::createSoundInternal             : exinfo->inclusionlist      = 000000007400F5FC
[LOG] SystemI::createSoundInternal             : exinfo->inclusionlistnum   = 1
[LOG] SystemI::createSoundInternal             : exinfo->suggestedsoundtype = 5
[LOG] SystemI::createSoundInternal             : exinfo->useropen           = 000007FEDE0CE4B0
[LOG] SystemI::createSoundInternal             : exinfo->userclose          = 000007FEDE0CE480
[LOG] SystemI::createSoundInternal             : exinfo->userread           = 000007FEDE0CE580
[LOG] SystemI::createSoundInternal             : exinfo->userseek           = 000007FEDE0CE640
[LOG] SystemI::createSoundInternal             : exinfo->fileuserdata       = 000000006F1A4158
[LOG] SystemI::createSoundInternal             : exinfo->initialseekpostype = 1
[LOG] SystemI::DSPCodecPoolRegister            : register codec pool for pool type 5
[LOG] SystemI::createSoundInternal             : Sample 0/1: name='replikovrig_01_ila_closeby,happy_3', format=2, channels=2, frequency=48000, lengthbytes=64416, lengthpcm=86452, pcmblocksize=0, loopstart=0, loopend=0, mode=0x00000000, channelmask=0x00000000, channelorder=0, peakvolume=0.999969.
[LOG] SystemI::createSoundInternal             : Create name='', mode=0x02000202
[LOG] SystemI::createSoundInternal             : exinfo->cbsize             = 232
[LOG] SystemI::createSoundInternal             : exinfo->length             = 83395840
[LOG] SystemI::createSoundInternal             : exinfo->fileoffset         = 175232
[LOG] SystemI::createSoundInternal             : exinfo->numsubsounds       = 1
[LOG] SystemI::createSoundInternal             : exinfo->inclusionlist      = 000000007400F5FC
[LOG] SystemI::createSoundInternal             : exinfo->inclusionlistnum   = 1
[LOG] SystemI::createSoundInternal             : exinfo->suggestedsoundtype = 5
[LOG] SystemI::createSoundInternal             : exinfo->useropen           = 000007FEDE0CE4B0
[LOG] SystemI::createSoundInternal             : exinfo->userclose          = 000007FEDE0CE480
[LOG] SystemI::createSoundInternal             : exinfo->userread           = 000007FEDE0CE580
[LOG] SystemI::createSoundInternal             : exinfo->userseek           = 000007FEDE0CE640
[LOG] SystemI::createSoundInternal             : exinfo->fileuserdata       = 000000006F1A4158
[LOG] SystemI::createSoundInternal             : exinfo->initialseekpostype = 1
[LOG] SystemI::DSPCodecPoolRegister            : register codec pool for pool type 5
[LOG] SystemI::createSoundInternal             : Sample 0/1: name='replikovrig_15_itsstillfreezinginhere', format=2, channels=2, frequency=48000, lengthbytes=146432, lengthpcm=180632, pcmblocksize=0, loopstart=0, loopend=0, mode=0x00000000, channelmask=0x00000000, channelorder=0, peakvolume=0.999969.
[LOG] SystemI::createSoundInternal             : Create name='', mode=0x02000202
[LOG] SystemI::createSoundInternal             : exinfo->cbsize             = 232
[LOG] SystemI::createSoundInternal             : exinfo->length             = 83395840
[LOG] SystemI::createSoundInternal             : exinfo->fileoffset         = 175232
[LOG] SystemI::createSoundInternal             : exinfo->numsubsounds       = 1
[LOG] SystemI::createSoundInternal             : exinfo->inclusionlist      = 000000007400F5FC
[LOG] SystemI::createSoundInternal             : exinfo->inclusionlistnum   = 1
[LOG] SystemI::createSoundInternal             : exinfo->suggestedsoundtype = 5
[LOG] SystemI::createSoundInternal             : exinfo->useropen           = 000007FEDE0CE4B0
[LOG] SystemI::createSoundInternal             : exinfo->userclose          = 000007FEDE0CE480
[LOG] SystemI::createSoundInternal             : exinfo->userread           = 000007FEDE0CE580
[LOG] SystemI::createSoundInternal             : exinfo->userseek           = 000007FEDE0CE640
[LOG] SystemI::createSoundInternal             : exinfo->fileuserdata       = 000000006F1A4158
[LOG] SystemI::createSoundInternal             : exinfo->initialseekpostype = 1
[LOG] SystemI::DSPCodecPoolRegister            : register codec pool for pool type 5
[LOG] SystemI::createSoundInternal             : Sample 0/1: name='replikovrig_12_icantsleepyet', format=2, channels=2, frequency=48000, lengthbytes=80768, lengthpcm=116917, pcmblocksize=0, loopstart=0, loopend=0, mode=0x00000000, channelmask=0x00000000, channelorder=0, peakvolume=0.795197.
[LOG] SystemI::createSoundInternal             : Create name='', mode=0x02000202
[LOG] SystemI::createSoundInternal             : exinfo->cbsize             = 232
[LOG] SystemI::createSoundInternal             : exinfo->length             = 83395840
[LOG] SystemI::createSoundInternal             : exinfo->fileoffset         = 175232
[LOG] SystemI::createSoundInternal             : exinfo->numsubsounds       = 1
[LOG] SystemI::createSoundInternal             : exinfo->inclusionlist      = 000000007400F5FC
[LOG] SystemI::createSoundInternal             : exinfo->inclusionlistnum   = 1
[LOG] SystemI::createSoundInternal             : exinfo->suggestedsoundtype = 5
[LOG] SystemI::createSoundInternal             : exinfo->useropen           = 000007FEDE0CE4B0
[LOG] SystemI::createSoundInternal             : exinfo->userclose          = 000007FEDE0CE480
[LOG] SystemI::createSoundInternal             : exinfo->userread           = 000007FEDE0CE580
[LOG] SystemI::createSoundInternal             : exinfo->userseek           = 000007FEDE0CE640
[LOG] SystemI::createSoundInternal             : exinfo->fileuserdata       = 000000006F1A4158
[LOG] SystemI::createSoundInternal             : exinfo->initialseekpostype = 1
[LOG] SystemI::DSPCodecPoolRegister            : register codec pool for pool type 5
[LOG] SystemI::createSoundInternal             : Sample 0/1: name='replikovrig_25_itsgettingdark', format=2, channels=2, frequency=48000, lengthbytes=89088, lengthpcm=170109, pcmblocksize=0, loopstart=0, loopend=0, mode=0x00000000, channelmask=0x00000000, channelorder=0, peakvolume=0.961548.
[LOG] SystemI::createSoundInternal             : Create name='', mode=0x02000202
[LOG] SystemI::createSoundInternal             : exinfo->cbsize             = 232
[LOG] SystemI::createSoundInternal             : exinfo->length             = 83395840
[LOG] SystemI::createSoundInternal             : exinfo->fileoffset         = 175232
[LOG] SystemI::createSoundInternal             : exinfo->numsubsounds       = 1
[LOG] SystemI::createSoundInternal             : exinfo->inclusionlist      = 000000007400F5FC
[LOG] SystemI::createSoundInternal             : exinfo->inclusionlistnum   = 1
[LOG] SystemI::createSoundInternal             : exinfo->suggestedsoundtype = 5
[LOG] SystemI::createSoundInternal             : exinfo->useropen           = 000007FEDE0CE4B0
[LOG] SystemI::createSoundInternal             : exinfo->userclose          = 000007FEDE0CE480
[LOG] SystemI::createSoundInternal             : exinfo->userread           = 000007FEDE0CE580
[LOG] SystemI::createSoundInternal             : exinfo->userseek           = 000007FEDE0CE640
[LOG] SystemI::createSoundInternal             : exinfo->fileuserdata       = 000000006F1A4158
[LOG] SystemI::createSoundInternal             : exinfo->initialseekpostype = 1
[LOG] SystemI::DSPCodecPoolRegister            : register codec pool for pool type 5
[LOG] SystemI::createSoundInternal             : Sample 0/1: name='replikovrig_24_nojustnostop', format=2, channels=2, frequency=48000, lengthbytes=186112, lengthpcm=270731, pcmblocksize=0, loopstart=0, loopend=0, mode=0x00000000, channelmask=0x00000000, channelorder=0, peakvolume=0.992584.
[LOG] SystemI::createSoundInternal             : Create name='', mode=0x02000202
[LOG] SystemI::createSoundInternal             : exinfo->cbsize             = 232
[LOG] SystemI::createSoundInternal             : exinfo->length             = 83395840
[LOG] SystemI::createSoundInternal             : exinfo->fileoffset         = 175232
[LOG] SystemI::createSoundInternal             : exinfo->numsubsounds       = 1
[LOG] SystemI::createSoundInternal             : exinfo->inclusionlist      = 000000007400F5FC
[LOG] SystemI::createSoundInternal             : exinfo->inclusionlistnum   = 1
[LOG] SystemI::createSoundInternal             : exinfo->suggestedsoundtype = 5
[LOG] SystemI::createSoundInternal             : exinfo->useropen           = 000007FEDE0CE4B0
[LOG] SystemI::createSoundInternal             : exinfo->userclose          = 000007FEDE0CE480
[LOG] SystemI::createSoundInternal             : exinfo->userread           = 000007FEDE0CE580
[LOG] SystemI::createSoundInternal             : exinfo->userseek           = 000007FEDE0CE640
[LOG] SystemI::createSoundInternal             : exinfo->fileuserdata       = 000000006F1A4158
[LOG] SystemI::createSoundInternal             : exinfo->initialseekpostype = 1
[LOG] SystemI::DSPCodecPoolRegister            : register codec pool for pool type 5
[LOG] SystemI::createSoundInternal             : Sample 0/1: name='replikovrig_11_notimeforsleeping', format=2, channels=2, frequency=48000, lengthbytes=77472, lengthpcm=95192, pcmblocksize=0, loopstart=0, loopend=0, mode=0x00000000, channelmask=0x00000000, channelorder=0, peakvolume=0.953064.
[LOG] SystemI::createSoundInternal             : Create name='', mode=0x02000202
[LOG] SystemI::createSoundInternal             : exinfo->cbsize             = 232
[LOG] SystemI::createSoundInternal             : exinfo->length             = 83395840
[LOG] SystemI::createSoundInternal             : exinfo->fileoffset         = 175232
[LOG] SystemI::createSoundInternal             : exinfo->numsubsounds       = 1
[LOG] SystemI::createSoundInternal             : exinfo->inclusionlist      = 000000007400F5FC
[LOG] SystemI::createSoundInternal             : exinfo->inclusionlistnum   = 1
[LOG] SystemI::createSoundInternal             : exinfo->suggestedsoundtype = 5
[LOG] SystemI::createSoundInternal             : exinfo->useropen           = 000007FEDE0CE4B0
[LOG] SystemI::createSoundInternal             : exinfo->userclose          = 000007FEDE0CE480
[LOG] SystemI::createSoundInternal             : exinfo->userread           = 000007FEDE0CE580
[LOG] SystemI::createSoundInternal             : exinfo->userseek           = 000007FEDE0CE640
[LOG] SystemI::createSoundInternal             : exinfo->fileuserdata       = 000000006F1A4158
[LOG] SystemI::createSoundInternal             : exinfo->initialseekpostype = 1
[LOG] SystemI::DSPCodecPoolRegister            : register codec pool for pool type 5
[LOG] SystemI::createSoundInternal             : Sample 0/1: name='replikovrig_10_ivegotthingstodo', format=2, channels=2, frequency=48000, lengthbytes=74784, lengthpcm=105104, pcmblocksize=0, loopstart=0, loopend=0, mode=0x00000000, channelmask=0x00000000, channelorder=0, peakvolume=0.975677.
[LOG] SystemI::createSoundInternal             : Create name='', mode=0x02000202
[LOG] SystemI::createSoundInternal             : exinfo->cbsize             = 232
[LOG] SystemI::createSoundInternal             : exinfo->length             = 83395840
[LOG] SystemI::createSoundInternal             : exinfo->fileoffset         = 175232
[LOG] SystemI::createSoundInternal             : exinfo->numsubsounds       = 1
[LOG] SystemI::createSoundInternal             : exinfo->inclusionlist      = 000000007400F5FC
[LOG] SystemI::createSoundInternal             : exinfo->inclusionlistnum   = 1
[LOG] SystemI::createSoundInternal             : exinfo->suggestedsoundtype = 5
[LOG] SystemI::createSoundInternal             : exinfo->useropen           = 000007FEDE0CE4B0
[LOG] SystemI::createSoundInternal             : exinfo->userclose          = 000007FEDE0CE480
[LOG] SystemI::createSoundInternal             : exinfo->userread           = 000007FEDE0CE580
[LOG] SystemI::createSoundInternal             : exinfo->userseek           = 000007FEDE0CE640
[LOG] SystemI::createSoundInternal             : exinfo->fileuserdata       = 000000006F1A4158
[LOG] SystemI::createSoundInternal             : exinfo->initialseekpostype = 1
[LOG] SystemI::DSPCodecPoolRegister            : register codec pool for pool type 5
[LOG] SystemI::createSoundInternal             : Sample 0/1: name='replikovrig_20_ishouldkeepmydistance', format=2, channels=2, frequency=48000, lengthbytes=87584, lengthpcm=209261, pcmblocksize=0, loopstart=0, loopend=0, mode=0x00000000, channelmask=0x00000000, channelorder=0, peakvolume=0.999969.
[LOG] SystemI::createSoundInternal             : Create name='', mode=0x02000202
[LOG] SystemI::createSoundInternal             : exinfo->cbsize             = 232
[LOG] SystemI::createSoundInternal             : exinfo->length             = 83395840
[LOG] SystemI::createSoundInternal             : exinfo->fileoffset         = 175232
[LOG] SystemI::createSoundInternal             : exinfo->numsubsounds       = 1
[LOG] SystemI::createSoundInternal             : exinfo->inclusionlist      = 000000007400F5FC
[LOG] SystemI::createSoundInternal             : exinfo->inclusionlistnum   = 1
[LOG] SystemI::createSoundInternal             : exinfo->suggestedsoundtype = 5
[LOG] SystemI::createSoundInternal             : exinfo->useropen           = 000007FEDE0CE4B0
[LOG] SystemI::createSoundInternal             : exinfo->userclose          = 000007FEDE0CE480
[LOG] SystemI::createSoundInternal             : exinfo->userread           = 000007FEDE0CE580
[LOG] SystemI::createSoundInternal             : exinfo->userseek           = 000007FEDE0CE640
[LOG] SystemI::createSoundInternal             : exinfo->fileuserdata       = 000000006F1A4158
[LOG] SystemI::createSoundInternal             : exinfo->initialseekpostype = 1
[LOG] SystemI::DSPCodecPoolRegister            : register codec pool for pool type 5
[LOG] SystemI::createSoundInternal             : Sample 0/1: name='replikovrig_04_ila_command,atadistance,neutral_1', format=2, channels=2, frequency=48000, lengthbytes=44288, lengthpcm=92516, pcmblocksize=0, loopstart=0, loopend=0, mode=0x00000000, channelmask=0x00000000, channelorder=0, peakvolume=0.964539.
[LOG] SystemI::createSoundInternal             : Create name='', mode=0x02000202
[LOG] SystemI::createSoundInternal             : exinfo->cbsize             = 232
[LOG] SystemI::createSoundInternal             : exinfo->length             = 83395840
[LOG] SystemI::createSoundInternal             : exinfo->fileoffset         = 175232
[LOG] SystemI::createSoundInternal             : exinfo->numsubsounds       = 1
[LOG] SystemI::createSoundInternal             : exinfo->inclusionlist      = 000000007400F5FC
[LOG] SystemI::createSoundInternal             : exinfo->inclusionlistnum   = 1
[LOG] SystemI::createSoundInternal             : exinfo->suggestedsoundtype = 5
[LOG] SystemI::createSoundInternal             : exinfo->useropen           = 000007FEDE0CE4B0
[LOG] SystemI::createSoundInternal             : exinfo->userclose          = 000007FEDE0CE480
[LOG] SystemI::createSoundInternal             : exinfo->userread           = 000007FEDE0CE580
[LOG] SystemI::createSoundInternal             : exinfo->userseek           = 000007FEDE0CE640
[LOG] SystemI::createSoundInternal             : exinfo->fileuserdata       = 000000006F1A4158
[LOG] SystemI::createSoundInternal             : exinfo->initialseekpostype = 1
[LOG] SystemI::DSPCodecPoolRegister            : register codec pool for pool type 5
[LOG] SystemI::createSoundInternal             : Sample 0/1: name='replikovrig_08_whatshappanedhere', format=2, channels=2, frequency=48000, lengthbytes=77120, lengthpcm=111676, pcmblocksize=0, loopstart=0, loopend=0, mode=0x00000000, channelmask=0x00000000, channelorder=0, peakvolume=0.988739.
[LOG] SystemI::createSoundInternal             : Create name='', mode=0x02000202
[LOG] SystemI::createSoundInternal             : exinfo->cbsize             = 232
[LOG] SystemI::createSoundInternal             : exinfo->length             = 83395840
[LOG] SystemI::createSoundInternal             : exinfo->fileoffset         = 175232
[LOG] SystemI::createSoundInternal             : exinfo->numsubsounds       = 1
[LOG] SystemI::createSoundInternal             : exinfo->inclusionlist      = 000000007400F5FC
[LOG] SystemI::createSoundInternal             : exinfo->inclusionlistnum   = 1
[LOG] SystemI::createSoundInternal             : exinfo->suggestedsoundtype = 5
[LOG] SystemI::createSoundInternal             : exinfo->useropen           = 000007FEDE0CE4B0
[LOG] SystemI::createSoundInternal             : exinfo->userclose          = 000007FEDE0CE480
[LOG] SystemI::createSoundInternal             : exinfo->userread           = 000007FEDE0CE580
[LOG] SystemI::createSoundInternal             : exinfo->userseek           = 000007FEDE0CE640
[LOG] SystemI::createSoundInternal             : exinfo->fileuserdata       = 000000006F1A4158
[LOG] SystemI::createSoundInternal             : exinfo->initialseekpostype = 1
[LOG] SystemI::DSPCodecPoolRegister            : register codec pool for pool type 5
[LOG] SystemI::createSoundInternal             : Sample 0/1: name='replikovrig_okand_damnitineedmorewood', format=2, channels=2, frequency=48000, lengthbytes=141568, lengthpcm=186145, pcmblocksize=0, loopstart=0, loopend=0, mode=0x00000000, channelmask=0x00000000, channelorder=0, peakvolume=0.993073.
[LOG] SystemI::createSoundInternal             : Create name='', mode=0x02000202
[LOG] SystemI::createSoundInternal             : exinfo->cbsize             = 232
[LOG] SystemI::createSoundInternal             : exinfo->length             = 83395840
[LOG] SystemI::createSoundInternal             : exinfo->fileoffset         = 175232
[LOG] SystemI::createSoundInternal             : exinfo->numsubsounds       = 1
[LOG] SystemI::createSoundInternal             : exinfo->inclusionlist      = 000000007400F5FC
[LOG] SystemI::createSoundInternal             : exinfo->inclusionlistnum   = 1
[LOG] SystemI::createSoundInternal             : exinfo->suggestedsoundtype = 5
[LOG] SystemI::createSoundInternal             : exinfo->useropen           = 000007FEDE0CE4B0
[LOG] SystemI::createSoundInternal             : exinfo->userclose          = 000007FEDE0CE480
[LOG] SystemI::createSoundInternal             : exinfo->userread           = 000007FEDE0CE580
[LOG] SystemI::createSoundInternal             : exinfo->userseek           = 000007FEDE0CE640
[LOG] SystemI::createSoundInternal             : exinfo->fileuserdata       = 000000006F1A4158
[LOG] SystemI::createSoundInternal             : exinfo->initialseekpostype = 1
[LOG] SystemI::DSPCodecPoolRegister            : register codec pool for pool type 5
[LOG] SystemI::createSoundInternal             : Sample 0/1: name='replikovrig_06_ila_pleading,atadistance,panicked', format=2, channels=2, frequency=48000, lengthbytes=77504, lengthpcm=144773, pcmblocksize=0, loopstart=0, loopend=0, mode=0x00000000, channelmask=0x00000000, channelorder=0, peakvolume=0.938934.
[LOG] SystemI::createSoundInternal             : Create name='', mode=0x02000202
[LOG] SystemI::createSoundInternal             : exinfo->cbsize             = 232
[LOG] SystemI::createSoundInternal             : exinfo->length             = 83395840
[LOG] SystemI::createSoundInternal             : exinfo->fileoffset         = 175232
[LOG] SystemI::createSoundInternal             : exinfo->numsubsounds       = 1
[LOG] SystemI::createSoundInternal             : exinfo->inclusionlist      = 000000007400F5FC
[LOG] SystemI::createSoundInternal             : exinfo->inclusionlistnum   = 1
[LOG] SystemI::createSoundInternal             : exinfo->suggestedsoundtype = 5
[LOG] SystemI::createSoundInternal             : exinfo->useropen           = 000007FEDE0CE4B0
[LOG] SystemI::createSoundInternal             : exinfo->userclose          = 000007FEDE0CE480
[LOG] SystemI::createSoundInternal             : exinfo->userread           = 000007FEDE0CE580
[LOG] SystemI::createSoundInternal             : exinfo->userseek           = 000007FEDE0CE640
[LOG] SystemI::createSoundInternal             : exinfo->fileuserdata       = 000000006F1A4158
[LOG] SystemI::createSoundInternal             : exinfo->initialseekpostype = 1
[LOG] SystemI::DSPCodecPoolRegister            : register codec pool for pool type 5
[LOG] SystemI::createSoundInternal             : Sample 0/1: name='replikovrig_04_ila_command,atadistance,neutral_2', format=2, channels=2, frequency=48000, lengthbytes=42624, lengthpcm=103856, pcmblocksize=0, loopstart=0, loopend=0, mode=0x00000000, channelmask=0x00000000, channelorder=0, peakvolume=0.968628.
[LOG] SystemI::createSoundInternal             : Create name='', mode=0x02000202
[LOG] SystemI::createSoundInternal             : exinfo->cbsize             = 232
[LOG] SystemI::createSoundInternal             : exinfo->length             = 83395840
[LOG] SystemI::createSoundInternal             : exinfo->fileoffset         = 175232
[LOG] SystemI::createSoundInternal             : exinfo->numsubsounds       = 1
[LOG] SystemI::createSoundInternal             : exinfo->inclusionlist      = 000000007400F5FC
[LOG] SystemI::createSoundInternal             : exinfo->inclusionlistnum   = 1
[LOG] SystemI::createSoundInternal             : exinfo->suggestedsoundtype = 5
[LOG] SystemI::createSoundInternal             : exinfo->useropen           = 000007FEDE0CE4B0
[LOG] SystemI::createSoundInternal             : exinfo->userclose          = 000007FEDE0CE480
[LOG] SystemI::createSoundInternal             : exinfo->userread           = 000007FEDE0CE580
[LOG] SystemI::createSoundInternal             : exinfo->userseek           = 000007FEDE0CE640
[LOG] SystemI::createSoundInternal             : exinfo->fileuserdata       = 000000006F1A4158
[LOG] SystemI::createSoundInternal             : exinfo->initialseekpostype = 1
[LOG] SystemI::DSPCodecPoolRegister            : register codec pool for pool type 5
[LOG] SystemI::createSoundInternal             : Sample 0/1: name='replikovrig_02_ila_atadistance,happy_2', format=2, channels=2, frequency=48000, lengthbytes=76352, lengthpcm=99679, pcmblocksize=0, loopstart=0, loopend=0, mode=0x00000000, channelmask=0x00000000, channelorder=0, peakvolume=0.945374.
[LOG] SystemI::createSoundInternal             : Create name='', mode=0x02000202
[LOG] SystemI::createSoundInternal             : exinfo->cbsize             = 232
[LOG] SystemI::createSoundInternal             : exinfo->length             = 83395840
[LOG] SystemI::createSoundInternal             : exinfo->fileoffset         = 175232
[LOG] SystemI::createSoundInternal             : exinfo->numsubsounds       = 1
[LOG] SystemI::createSoundInternal             : exinfo->inclusionlist      = 000000007400F5FC
[LOG] SystemI::createSoundInternal             : exinfo->inclusionlistnum   = 1
[LOG] SystemI::createSoundInternal             : exinfo->suggestedsoundtype = 5
[LOG] SystemI::createSoundInternal             : exinfo->useropen           = 000007FEDE0CE4B0
[LOG] SystemI::createSoundInternal             : exinfo->userclose          = 000007FEDE0CE480
[LOG] SystemI::createSoundInternal             : exinfo->userread           = 000007FEDE0CE580
[LOG] SystemI::createSoundInternal             : exinfo->userseek           = 000007FEDE0CE640
[LOG] SystemI::createSoundInternal             : exinfo->fileuserdata       = 000000006F1A4158
[LOG] SystemI::createSoundInternal             : exinfo->initialseekpostype = 1
[LOG] SystemI::DSPCodecPoolRegister            : register codec pool for pool type 5
[LOG] SystemI::createSoundInternal             : Sample 0/1: name='replikovrig_05_ila_pleading,atadistance,worried_2', format=2, channels=2, frequency=48000, lengthbytes=66304, lengthpcm=149196, pcmblocksize=0, loopstart=0, loopend=0, mode=0x00000000, channelmask=0x00000000, channelorder=0, peakvolume=0.986877.
[LOG] SystemI::createSoundInternal             : Create name='', mode=0x02000202
[LOG] SystemI::createSoundInternal             : exinfo->cbsize             = 232
[LOG] SystemI::createSoundInternal             : exinfo->length             = 83395840
[LOG] SystemI::createSoundInternal             : exinfo->fileoffset         = 175232
[LOG] SystemI::createSoundInternal             : exinfo->numsubsounds       = 1
[LOG] SystemI::createSoundInternal             : exinfo->inclusionlist      = 000000007400F5FC
[LOG] SystemI::createSoundInternal             : exinfo->inclusionlistnum   = 1
[LOG] SystemI::createSoundInternal             : exinfo->suggestedsoundtype = 5
[LOG] SystemI::createSoundInternal             : exinfo->useropen           = 000007FEDE0CE4B0
[LOG] SystemI::createSoundInternal             : exinfo->userclose          = 000007FEDE0CE480
[LOG] SystemI::createSoundInternal             : exinfo->userread           = 000007FEDE0CE580
[LOG] SystemI::createSoundInternal             : exinfo->userseek           = 000007FEDE0CE640
[LOG] SystemI::createSoundInternal             : exinfo->fileuserdata       = 000000006F1A4158
[LOG] SystemI::createSoundInternal             : exinfo->initialseekpostype = 1
[LOG] SystemI::DSPCodecPoolRegister            : register codec pool for pool type 5
[LOG] SystemI::createSoundInternal             : Sample 0/1: name='replikovrig_03_ila_command,closeby,calm_3', format=2, channels=2, frequency=48000, lengthbytes=69920, lengthpcm=83672, pcmblocksize=0, loopstart=0, loopend=0, mode=0x00000000, channelmask=0x00000000, channelorder=0, peakvolume=0.976868.
[LOG] SystemI::createSoundInternal             : Create name='', mode=0x02000202
[LOG] SystemI::createSoundInternal             : exinfo->cbsize             = 232
[LOG] SystemI::createSoundInternal             : exinfo->length             = 83395840
[LOG] SystemI::createSoundInternal             : exinfo->fileoffset         = 175232
[LOG] SystemI::createSoundInternal             : exinfo->numsubsounds       = 1
[LOG] SystemI::createSoundInternal             : exinfo->inclusionlist      = 000000007400F5FC
[LOG] SystemI::createSoundInternal             : exinfo->inclusionlistnum   = 1
[LOG] SystemI::createSoundInternal             : exinfo->suggestedsoundtype = 5
[LOG] SystemI::createSoundInternal             : exinfo->useropen           = 000007FEDE0CE4B0
[LOG] SystemI::createSoundInternal             : exinfo->userclose          = 000007FEDE0CE480
[LOG] SystemI::createSoundInternal             : exinfo->userread           = 000007FEDE0CE580
[LOG] SystemI::createSoundInternal             : exinfo->userseek           = 000007FEDE0CE640
[LOG] SystemI::createSoundInternal             : exinfo->fileuserdata       = 000000006F1A4158
[LOG] SystemI::createSoundInternal             : exinfo->initialseekpostype = 1
[LOG] SystemI::DSPCodecPoolRegister            : register codec pool for pool type 5
[LOG] SystemI::createSoundInternal             : Sample 0/1: name='replikovrig_03_ila_command,closeby,calm_1', format=2, channels=2, frequency=48000, lengthbytes=66816, lengthpcm=108356, pcmblocksize=0, loopstart=0, loopend=0, mode=0x00000000, channelmask=0x00000000, channelorder=0, peakvolume=0.983215.
[LOG] SystemI::createSoundInternal             : Create name='', mode=0x02000202
[LOG] SystemI::createSoundInternal             : exinfo->cbsize             = 232
[LOG] SystemI::createSoundInternal             : exinfo->length             = 83395840
[LOG] SystemI::createSoundInternal             : exinfo->fileoffset         = 175232
[LOG] SystemI::createSoundInternal             : exinfo->numsubsounds       = 1
[LOG] SystemI::createSoundInternal             : exinfo->inclusionlist      = 000000007400F5FC
[LOG] SystemI::createSoundInternal             : exinfo->inclusionlistnum   = 1
[LOG] SystemI::createSoundInternal             : exinfo->suggestedsoundtype = 5
[LOG] SystemI::createSoundInternal             : exinfo->useropen           = 000007FEDE0CE4B0
[LOG] SystemI::createSoundInternal             : exinfo->userclose          = 000007FEDE0CE480
[LOG] SystemI::createSoundInternal             : exinfo->userread           = 000007FEDE0CE580
[LOG] SystemI::createSoundInternal             : exinfo->userseek           = 000007FEDE0CE640
[LOG] SystemI::createSoundInternal             : exinfo->fileuserdata       = 000000006F1A4158
[LOG] SystemI::createSoundInternal             : exinfo->initialseekpostype = 1
[LOG] SystemI::DSPCodecPoolRegister            : register codec pool for pool type 5
[LOG] SystemI::createSoundInternal             : Sample 0/1: name='replikovrig_okand_ithinkthatshouldbeenough', format=2, channels=2, frequency=48000, lengthbytes=108640, lengthpcm=152861, pcmblocksize=0, loopstart=0, loopend=0, mode=0x00000000, channelmask=0x00000000, channelorder=0, peakvolume=0.992950.
[LOG] SystemI::createSoundInternal             : Create name='', mode=0x02000202
[LOG] SystemI::createSoundInternal             : exinfo->cbsize             = 232
[LOG] SystemI::createSoundInternal             : exinfo->length             = 83395840
[LOG] SystemI::createSoundInternal             : exinfo->fileoffset         = 175232
[LOG] SystemI::createSoundInternal             : exinfo->numsubsounds       = 1
[LOG] SystemI::createSoundInternal             : exinfo->inclusionlist      = 000000007400F5FC
[LOG] SystemI::createSoundInternal             : exinfo->inclusionlistnum   = 1
[LOG] SystemI::createSoundInternal             : exinfo->suggestedsoundtype = 5
[LOG] SystemI::createSoundInternal             : exinfo->useropen           = 000007FEDE0CE4B0
[LOG] SystemI::createSoundInternal             : exinfo->userclose          = 000007FEDE0CE480
[LOG] SystemI::createSoundInternal             : exinfo->userread           = 000007FEDE0CE580
[LOG] SystemI::createSoundInternal             : exinfo->userseek           = 000007FEDE0CE640
[LOG] SystemI::createSoundInternal             : exinfo->fileuserdata       = 000000006F1A4158
[LOG] SystemI::createSoundInternal             : exinfo->initialseekpostype = 1
[LOG] SystemI::DSPCodecPoolRegister            : register codec pool for pool type 5
[LOG] SystemI::createSoundInternal             : Sample 0/1: name='replikovrig_23_itsnotsafe', format=2, channels=2, frequency=48000, lengthbytes=123392, lengthpcm=200344, pcmblocksize=0, loopstart=0, loopend=0, mode=0x00000000, channelmask=0x00000000, channelorder=0, peakvolume=0.958130.
[LOG] SystemI::createSoundInternal             : Create name='', mode=0x02000202
[LOG] SystemI::createSoundInternal             : exinfo->cbsize             = 232
[LOG] SystemI::createSoundInternal             : exinfo->length             = 83395840
[LOG] SystemI::createSoundInternal             : exinfo->fileoffset         = 175232
[LOG] SystemI::createSoundInternal             : exinfo->numsubsounds       = 1
[LOG] SystemI::createSoundInternal             : exinfo->inclusionlist      = 000000007400F5FC
[LOG] SystemI::createSoundInternal             : exinfo->inclusionlistnum   = 1
[LOG] SystemI::createSoundInternal             : exinfo->suggestedsoundtype = 5
[LOG] SystemI::createSoundInternal             : exinfo->useropen           = 000007FEDE0CE4B0
[LOG] SystemI::createSoundInternal             : exinfo->userclose          = 000007FEDE0CE480
[LOG] SystemI::createSoundInternal             : exinfo->userread           = 000007FEDE0CE580
[LOG] SystemI::createSoundInternal             : exinfo->userseek           = 000007FEDE0CE640
[LOG] SystemI::createSoundInternal             : exinfo->fileuserdata       = 000000006F1A4158
[LOG] SystemI::createSoundInternal             : exinfo->initialseekpostype = 1
[LOG] SystemI::DSPCodecPoolRegister            : register codec pool for pool type 5
[LOG] SystemI::createSoundInternal             : Sample 0/1: name='replikovrig_17_itwillbedonesoon', format=2, channels=2, frequency=48000, lengthbytes=69952, lengthpcm=176847, pcmblocksize=0, loopstart=0, loopend=0, mode=0x00000000, channelmask=0x00000000, channelorder=0, peakvolume=0.974670.
[LOG] SystemI::createSoundInternal             : Create name='', mode=0x02000202
[LOG] SystemI::createSoundInternal             : exinfo->cbsize             = 232
[LOG] SystemI::createSoundInternal             : exinfo->length             = 83395840
[LOG] SystemI::createSoundInternal             : exinfo->fileoffset         = 175232
[LOG] SystemI::createSoundInternal             : exinfo->numsubsounds       = 1
[LOG] SystemI::createSoundInternal             : exinfo->inclusionlist      = 000000007400F5FC
[LOG] SystemI::createSoundInternal             : exinfo->inclusionlistnum   = 1
[LOG] SystemI::createSoundInternal             : exinfo->suggestedsoundtype = 5
[LOG] SystemI::createSoundInternal             : exinfo->useropen           = 000007FEDE0CE4B0
[LOG] SystemI::createSoundInternal             : exinfo->userclose          = 000007FEDE0CE480
[LOG] SystemI::createSoundInternal             : exinfo->userread           = 000007FEDE0CE580
[LOG] SystemI::createSoundInternal             : exinfo->userseek           = 000007FEDE0CE640
[LOG] SystemI::createSoundInternal             : exinfo->fileuserdata       = 000000006F1A4158
[LOG] SystemI::createSoundInternal             : exinfo->initialseekpostype = 1
[LOG] SystemI::DSPCodecPoolRegister            : register codec pool for pool type 5
[LOG] SystemI::createSoundInternal             : Sample 0/1: name='replikovrig_02_ila_atadistance,happy_1', format=2, channels=2, frequency=48000, lengthbytes=49472, lengthpcm=64606, pcmblocksize=0, loopstart=0, loopend=0, mode=0x00000000, channelmask=0x00000000, channelorder=0, peakvolume=0.990509.
[LOG] SystemI::createSoundInternal             : Create name='', mode=0x02000202
[LOG] SystemI::createSoundInternal             : exinfo->cbsize             = 232
[LOG] SystemI::createSoundInternal             : exinfo->length             = 83395840
[LOG] SystemI::createSoundInternal             : exinfo->fileoffset         = 175232
[LOG] SystemI::createSoundInternal             : exinfo->numsubsounds       = 1
[LOG] SystemI::createSoundInternal             : exinfo->inclusionlist      = 000000007400F5FC
[LOG] SystemI::createSoundInternal             : exinfo->inclusionlistnum   = 1
[LOG] SystemI::createSoundInternal             : exinfo->suggestedsoundtype = 5
[LOG] SystemI::createSoundInternal             : exinfo->useropen           = 000007FEDE0CE4B0
[LOG] SystemI::createSoundInternal             : exinfo->userclose          = 000007FEDE0CE480
[LOG] SystemI::createSoundInternal             : exinfo->userread           = 000007FEDE0CE580
[LOG] SystemI::createSoundInternal             : exinfo->userseek           = 000007FEDE0CE640
[LOG] SystemI::createSoundInternal             : exinfo->fileuserdata       = 000000006F1A4158
[LOG] SystemI::createSoundInternal             : exinfo->initialseekpostype = 1
[LOG] SystemI::DSPCodecPoolRegister            : register codec pool for pool type 5
[LOG] SystemI::createSoundInternal             : Sample 0/1: name='replikovrig_01_ila_closeby,happy_2', format=2, channels=2, frequency=48000, lengthbytes=77472, lengthpcm=109039, pcmblocksize=0, loopstart=0, loopend=0, mode=0x00000000, channelmask=0x00000000, channelorder=0, peakvolume=0.999969.
[LOG] SystemI::createSoundInternal             : Create name='', mode=0x02000202
[LOG] SystemI::createSoundInternal             : exinfo->cbsize             = 232
[LOG] SystemI::createSoundInternal             : exinfo->length             = 83395840
[LOG] SystemI::createSoundInternal             : exinfo->fileoffset         = 175232
[LOG] SystemI::createSoundInternal             : exinfo->numsubsounds       = 1
[LOG] SystemI::createSoundInternal             : exinfo->inclusionlist      = 000000007400F5FC
[LOG] SystemI::createSoundInternal             : exinfo->inclusionlistnum   = 1
[LOG] SystemI::createSoundInternal             : exinfo->suggestedsoundtype = 5
[LOG] SystemI::createSoundInternal             : exinfo->useropen           = 000007FEDE0CE4B0
[LOG] SystemI::createSoundInternal             : exinfo->userclose          = 000007FEDE0CE480
[LOG] SystemI::createSoundInternal             : exinfo->userread           = 000007FEDE0CE580
[LOG] SystemI::createSoundInternal             : exinfo->userseek           = 000007FEDE0CE640
[LOG] SystemI::createSoundInternal             : exinfo->fileuserdata       = 000000006F1A4158
[LOG] SystemI::createSoundInternal             : exinfo->initialseekpostype = 1
[LOG] SystemI::DSPCodecPoolRegister            : register codec pool for pool type 5
[LOG] SystemI::createSoundInternal             : Sample 0/1: name='replikovrig_21_thelakeshouldbecompletelyfrozenwhathappaned', format=2, channels=2, frequency=48000, lengthbytes=194240, lengthpcm=242845, pcmblocksize=0, loopstart=0, loopend=0, mode=0x00000000, channelmask=0x00000000, channelorder=0, peakvolume=0.959473.
[LOG] SystemI::createSoundInternal             : Create name='', mode=0x02000202
[LOG] SystemI::createSoundInternal             : exinfo->cbsize             = 232
[LOG] SystemI::createSoundInternal             : exinfo->length             = 83395840
[LOG] SystemI::createSoundInternal             : exinfo->fileoffset         = 175232
[LOG] SystemI::createSoundInternal             : exinfo->numsubsounds       = 1
[LOG] SystemI::createSoundInternal             : exinfo->inclusionlist      = 000000007400F5FC
[LOG] SystemI::createSoundInternal             : exinfo->inclusionlistnum   = 1
[LOG] SystemI::createSoundInternal             : exinfo->suggestedsoundtype = 5
[LOG] SystemI::createSoundInternal             : exinfo->useropen           = 000007FEDE0CE4B0
[LOG] SystemI::createSoundInternal             : exinfo->userclose          = 000007FEDE0CE480
[LOG] SystemI::createSoundInternal             : exinfo->userread           = 000007FEDE0CE580
[LOG] SystemI::createSoundInternal             : exinfo->userseek           = 000007FEDE0CE640
[LOG] SystemI::createSoundInternal             : exinfo->fileuserdata       = 000000006F1A4158
[LOG] SystemI::createSoundInternal             : exinfo->initialseekpostype = 1
[LOG] SystemI::DSPCodecPoolRegister            : register codec pool for pool type 5
[LOG] SystemI::createSoundInternal             : Sample 0/1: name='replikovrig_07_somethingsbeenhere', format=2, channels=2, frequency=48000, lengthbytes=124704, lengthpcm=166716, pcmblocksize=0, loopstart=0, loopend=0, mode=0x00000000, channelmask=0x00000000, channelorder=0, peakvolume=0.995850.
[LOG] SystemI::createSoundInternal             : Create name='', mode=0x02000202
[LOG] SystemI::createSoundInternal             : exinfo->cbsize             = 232
[LOG] SystemI::createSoundInternal             : exinfo->length             = 83395840
[LOG] SystemI::createSoundInternal             : exinfo->fileoffset         = 175232
[LOG] SystemI::createSoundInternal             : exinfo->numsubsounds       = 1
[LOG] SystemI::createSoundInternal             : exinfo->inclusionlist      = 000000007400F5FC
[LOG] SystemI::createSoundInternal             : exinfo->inclusionlistnum   = 1
[LOG] SystemI::createSoundInternal             : exinfo->suggestedsoundtype = 5
[LOG] SystemI::createSoundInternal             : exinfo->useropen           = 000007FEDE0CE4B0
[LOG] SystemI::createSoundInternal             : exinfo->userclose          = 000007FEDE0CE480
[LOG] SystemI::createSoundInternal             : exinfo->userread           = 000007FEDE0CE580
[LOG] SystemI::createSoundInternal             : exinfo->userseek           = 000007FEDE0CE640
[LOG] SystemI::createSoundInternal             : exinfo->fileuserdata       = 000000006F1A4158
[LOG] SystemI::createSoundInternal             : exinfo->initialseekpostype = 1
[LOG] SystemI::DSPCodecPoolRegister            : register codec pool for pool type 5
[LOG] SystemI::createSoundInternal             : Sample 0/1: name='replikovrig_22_imnotgoingoutthereagain', format=2, channels=2, frequency=48000, lengthbytes=142784, lengthpcm=204926, pcmblocksize=0, loopstart=0, loopend=0, mode=0x00000000, channelmask=0x00000000, channelorder=0, peakvolume=0.997284.
[LOG] SystemI::createSoundInternal             : Create name='', mode=0x02000202
[LOG] SystemI::createSoundInternal             : exinfo->cbsize             = 232
[LOG] SystemI::createSoundInternal             : exinfo->length             = 83395840
[LOG] SystemI::createSoundInternal             : exinfo->fileoffset         = 175232
[LOG] SystemI::createSoundInternal             : exinfo->numsubsounds       = 1
[LOG] SystemI::createSoundInternal             : exinfo->inclusionlist      = 000000007400F5FC
[LOG] SystemI::createSoundInternal             : exinfo->inclusionlistnum   = 1
[LOG] SystemI::createSoundInternal             : exinfo->suggestedsoundtype = 5
[LOG] SystemI::createSoundInternal             : exinfo->useropen           = 000007FEDE0CE4B0
[LOG] SystemI::createSoundInternal             : exinfo->userclose          = 000007FEDE0CE480
[LOG] SystemI::createSoundInternal             : exinfo->userread           = 000007FEDE0CE580
[LOG] SystemI::createSoundInternal             : exinfo->userseek           = 000007FEDE0CE640
[LOG] SystemI::createSoundInternal             : exinfo->fileuserdata       = 000000006F1A4158
[LOG] SystemI::createSoundInternal             : exinfo->initialseekpostype = 1
[LOG] SystemI::DSPCodecPoolRegister            : register codec pool for pool type 5
[LOG] SystemI::createSoundInternal             : Sample 0/1: name='replikovrig_13_idonthaveenoughwood', format=2, channels=2, frequency=48000, lengthbytes=100928, lengthpcm=150502, pcmblocksize=0, loopstart=0, loopend=0, mode=0x00000000, channelmask=0x00000000, channelorder=0, peakvolume=0.963318.
[LOG] SystemI::createSoundInternal             : Create name='', mode=0x02000202
[LOG] SystemI::createSoundInternal             : exinfo->cbsize             = 232
[LOG] SystemI::createSoundInternal             : exinfo->length             = 83395840
[LOG] SystemI::createSoundInternal             : exinfo->fileoffset         = 175232
[LOG] SystemI::createSoundInternal             : exinfo->numsubsounds       = 1
[LOG] SystemI::createSoundInternal             : exinfo->inclusionlist      = 000000007400F5FC
[LOG] SystemI::createSoundInternal             : exinfo->inclusionlistnum   = 1
[LOG] SystemI::createSoundInternal             : exinfo->suggestedsoundtype = 5
[LOG] SystemI::createSoundInternal             : exinfo->useropen           = 000007FEDE0CE4B0
[LOG] SystemI::createSoundInternal             : exinfo->userclose          = 000007FEDE0CE480
[LOG] SystemI::createSoundInternal             : exinfo->userread           = 000007FEDE0CE580
[LOG] SystemI::createSoundInternal             : exinfo->userseek           = 000007FEDE0CE640
[LOG] SystemI::createSoundInternal             : exinfo->fileuserdata       = 000000006F1A4158
[LOG] SystemI::createSoundInternal             : exinfo->initialseekpostype = 1
[LOG] SystemI::DSPCodecPoolRegister            : register codec pool for pool type 5
[LOG] SystemI::createSoundInternal             : Sample 0/1: name='replikovrig_18_woah', format=2, channels=2, frequency=48000, lengthbytes=74688, lengthpcm=108549, pcmblocksize=0, loopstart=0, loopend=0, mode=0x00000000, channelmask=0x00000000, channelorder=0, peakvolume=0.999969.
[LOG] SystemI::createSoundInternal             : Create name='', mode=0x02000202
[LOG] SystemI::createSoundInternal             : exinfo->cbsize             = 232
[LOG] SystemI::createSoundInternal             : exinfo->length             = 83395840
[LOG] SystemI::createSoundInternal             : exinfo->fileoffset         = 175232
[LOG] SystemI::createSoundInternal             : exinfo->numsubsounds       = 1
[LOG] SystemI::createSoundInternal             : exinfo->inclusionlist      = 000000007400F5FC
[LOG] SystemI::createSoundInternal             : exinfo->inclusionlistnum   = 1
[LOG] SystemI::createSoundInternal             : exinfo->suggestedsoundtype = 5
[LOG] SystemI::createSoundInternal             : exinfo->useropen           = 000007FEDE0CE4B0
[LOG] SystemI::createSoundInternal             : exinfo->userclose          = 000007FEDE0CE480
[LOG] SystemI::createSoundInternal             : exinfo->userread           = 000007FEDE0CE580
[LOG] SystemI::createSoundInternal             : exinfo->userseek           = 000007FEDE0CE640
[LOG] SystemI::createSoundInternal             : exinfo->fileuserdata       = 000000006F1A4158
[LOG] SystemI::createSoundInternal             : exinfo->initialseekpostype = 1
[LOG] SystemI::DSPCodecPoolRegister            : register codec pool for pool type 5
[LOG] SystemI::createSoundInternal             : Sample 0/1: name='replikovrig_19_icouldhavejesuschrist', format=2, channels=2, frequency=48000, lengthbytes=169216, lengthpcm=245427, pcmblocksize=0, loopstart=0, loopend=0, mode=0x00000000, channelmask=0x00000000, channelorder=0, peakvolume=0.968445.
[LOG] SystemI::createSoundInternal             : Create name='', mode=0x02000202
[LOG] SystemI::createSoundInternal             : exinfo->cbsize             = 232
[LOG] SystemI::createSoundInternal             : exinfo->length             = 83395840
[LOG] SystemI::createSoundInternal             : exinfo->fileoffset         = 175232
[LOG] SystemI::createSoundInternal             : exinfo->numsubsounds       = 1
[LOG] SystemI::createSoundInternal             : exinfo->inclusionlist      = 000000007400F5FC
[LOG] SystemI::createSoundInternal             : exinfo->inclusionlistnum   = 1
[LOG] SystemI::createSoundInternal             : exinfo->suggestedsoundtype = 5
[LOG] SystemI::createSoundInternal             : exinfo->useropen           = 000007FEDE0CE4B0
[LOG] SystemI::createSoundInternal             : exinfo->userclose          = 000007FEDE0CE480
[LOG] SystemI::createSoundInternal             : exinfo->userread           = 000007FEDE0CE580
[LOG] SystemI::createSoundInternal             : exinfo->userseek           = 000007FEDE0CE640
[LOG] SystemI::createSoundInternal             : exinfo->fileuserdata       = 000000006F1A4158
[LOG] SystemI::createSoundInternal             : exinfo->initialseekpostype = 1
[LOG] SystemI::DSPCodecPoolRegister            : register codec pool for pool type 5
[LOG] SystemI::createSoundInternal             : Sample 0/1: name='replikovrig_01_ila_closeby,happy_1', format=2, channels=2, frequency=48000, lengthbytes=92224, lengthpcm=120521, pcmblocksize=0, loopstart=0, loopend=0, mode=0x00000000, channelmask=0x00000000, channelorder=0, peakvolume=0.992645.
[LOG] SystemI::createSoundInternal             : Create name='', mode=0x02000202
[LOG] SystemI::createSoundInternal             : exinfo->cbsize             = 232
[LOG] SystemI::createSoundInternal             : exinfo->length             = 83395840
[LOG] SystemI::createSoundInternal             : exinfo->fileoffset         = 175232
[LOG] SystemI::createSoundInternal             : exinfo->numsubsounds       = 1
[LOG] SystemI::createSoundInternal             : exinfo->inclusionlist      = 000000007400F5FC
[LOG] SystemI::createSoundInternal             : exinfo->inclusionlistnum   = 1
[LOG] SystemI::createSoundInternal             : exinfo->suggestedsoundtype = 5
[LOG] SystemI::createSoundInternal             : exinfo->useropen           = 000007FEDE0CE4B0
[LOG] SystemI::createSoundInternal             : exinfo->userclose          = 000007FEDE0CE480
[LOG] SystemI::createSoundInternal             : exinfo->userread           = 000007FEDE0CE580
[LOG] SystemI::createSoundInternal             : exinfo->userseek           = 000007FEDE0CE640
[LOG] SystemI::createSoundInternal             : exinfo->fileuserdata       = 000000006F1A4158
[LOG] SystemI::createSoundInternal             : exinfo->initialseekpostype = 1
[LOG] SystemI::DSPCodecPoolRegister            : register codec pool for pool type 5
[LOG] SystemI::createSoundInternal             : Sample 0/1: name='replikovrig_09_weregoingtoneedmorefirewood', format=2, channels=2, frequency=48000, lengthbytes=74592, lengthpcm=95001, pcmblocksize=0, loopstart=0, loopend=0, mode=0x00000000, channelmask=0x00000000, channelorder=0, peakvolume=0.987213.
[LOG] SystemI::createSoundInternal             : Create name='', mode=0x02000202
[LOG] SystemI::createSoundInternal             : exinfo->cbsize             = 232
[LOG] SystemI::createSoundInternal             : exinfo->length             = 83395840
[LOG] SystemI::createSoundInternal             : exinfo->fileoffset         = 175232
[LOG] SystemI::createSoundInternal             : exinfo->numsubsounds       = 1
[LOG] SystemI::createSoundInternal             : exinfo->inclusionlist      = 000000007400F5FC
[LOG] SystemI::createSoundInternal             : exinfo->inclusionlistnum   = 1
[LOG] SystemI::createSoundInternal             : exinfo->suggestedsoundtype = 5
[LOG] SystemI::createSoundInternal             : exinfo->useropen           = 000007FEDE0CE4B0
[LOG] SystemI::createSoundInternal             : exinfo->userclose          = 000007FEDE0CE480
[LOG] SystemI::createSoundInternal             : exinfo->userread           = 000007FEDE0CE580
[LOG] SystemI::createSoundInternal             : exinfo->userseek           = 000007FEDE0CE640
[LOG] SystemI::createSoundInternal             : exinfo->fileuserdata       = 000000006F1A4158
[LOG] SystemI::createSoundInternal             : exinfo->initialseekpostype = 1
[LOG] SystemI::DSPCodecPoolRegister            : register codec pool for pool type 5
[LOG] SystemI::createSoundInternal             : Sample 0/1: name='replikovrig_14_ishouldgathermorewoodbeforeigoinside', format=2, channels=2, frequency=48000, lengthbytes=126048, lengthpcm=207396, pcmblocksize=0, loopstart=0, loopend=0, mode=0x00000000, channelmask=0x00000000, channelorder=0, peakvolume=0.975769.
[LOG] SystemI::createSoundInternal             : Create name='', mode=0x02000202
[LOG] SystemI::createSoundInternal             : exinfo->cbsize             = 232
[LOG] SystemI::createSoundInternal             : exinfo->length             = 83395840
[LOG] SystemI::createSoundInternal             : exinfo->fileoffset         = 175232
[LOG] SystemI::createSoundInternal             : exinfo->numsubsounds       = 1
[LOG] SystemI::createSoundInternal             : exinfo->inclusionlist      = 000000007400F5FC
[LOG] SystemI::createSoundInternal             : exinfo->inclusionlistnum   = 1
[LOG] SystemI::createSoundInternal             : exinfo->suggestedsoundtype = 5
[LOG] SystemI::createSoundInternal             : exinfo->useropen           = 000007FEDE0CE4B0
[LOG] SystemI::createSoundInternal             : exinfo->userclose          = 000007FEDE0CE480
[LOG] SystemI::createSoundInternal             : exinfo->userread           = 000007FEDE0CE580
[LOG] SystemI::createSoundInternal             : exinfo->userseek           = 000007FEDE0CE640
[LOG] SystemI::createSoundInternal             : exinfo->fileuserdata       = 000000006F1A4158
[LOG] SystemI::createSoundInternal             : exinfo->initialseekpostype = 1
[LOG] SystemI::DSPCodecPoolRegister            : register codec pool for pool type 5
[LOG] SystemI::createSoundInternal             : Sample 0/1: name='replikovrig_05_ila_pleading,atadistance,worried_1', format=2, channels=2, frequency=48000, lengthbytes=58368, lengthpcm=173847, pcmblocksize=0, loopstart=0, loopend=0, mode=0x00000000, channelmask=0x00000000, channelorder=0, peakvolume=0.990509.
[LOG] SoundI::release                          :  (000000006EE4F228)
[LOG] SoundI::release                          :     replikovrig_15_itsstillfreezinginhere (00000000AA9175A8)
[LOG] SoundI::release                          :  (000000006EA80FD8)
[LOG] SoundI::release                          :     replikovrig_okand_ithinkthatshouldbeenough (000000007CD0D6D8)
[LOG] SoundI::release                          :  (000000006EA2AAB8)
[LOG] SoundI::release                          :     replikovrig_03_ila_command,closeby,calm_1 (000000007CD0D538)
[LOG] SoundI::release                          :  (000000006EE4EAF8)
[LOG] SoundI::release                          :     replikovrig_03_ila_command,closeby,calm_2 (00000000AA7A98C8)
[LOG] SoundI::release                          :  (000000006EA2B078)
[LOG] SoundI::release                          :     replikovrig_03_ila_command,closeby,calm_3 (000000007CD0D398)
[LOG] SoundI::release                          :  (000000006EE247A8)
[LOG] SoundI::release                          :     replikovrig_11_notimeforsleeping (00000000AA917408)
[LOG] SoundI::release                          :  (00000000AAFF1948)
[LOG] SoundI::release                          :     replikovrig_13_idonthaveenoughwood (00000000AA474008)
[LOG] SoundI::release                          :  (000000006EE24918)
[LOG] SoundI::release                          :     replikovrig_10_ivegotthingstodo (00000000AA7B17C8)
[LOG] SoundI::release                          :  (000000006EE24358)
[LOG] SoundI::release                          :     replikovrig_20_ishouldkeepmydistance (00000000AA7B1968)
[LOG] SoundI::release                          :  (000000006EE4EC68)
[LOG] SoundI::release                          :     replikovrig_12_icantsleepyet (00000000AA917268)
[LOG] SoundI::release                          :  (000000006E87AF08)
[LOG] SoundI::release                          :     replikovrig_09_weregoingtoneedmorefirewood (00000000AA474688)
[LOG] SoundI::release                          :  (00000000AAFF17D8)
[LOG] SoundI::release                          :     replikovrig_22_imnotgoingoutthereagain (00000000AA473E68)
[LOG] SoundI::release                          :  (000000006E87B078)
[LOG] SoundI::release                          :     replikovrig_14_ishouldgathermorewoodbeforeigoinside (00000000AA474828)
[LOG] SoundI::release                          :  (000000006E87B1E8)
[LOG] SoundI::release                          :     replikovrig_05_ila_pleading,atadistance,worried_1 (00000000AA4749C8)
[LOG] SoundI::release                          :  (000000006EA2AD98)
[LOG] SoundI::release                          :     replikovrig_05_ila_pleading,atadistance,worried_2 (00000000AA7B24C8)
[LOG] SoundI::release                          :  (00000000AAFF10A8)
[LOG] SoundI::release                          :     replikovrig_17_itwillbedonesoon (000000007CD0DA18)
[LOG] SoundI::release                          :  (000000006EE24A88)
[LOG] SoundI::release                          :     replikovrig_04_ila_command,atadistance,neutral_1 (00000000AA7B1B08)
[LOG] SoundI::release                          :  (000000006EE23F08)
[LOG] SoundI::release                          :     replikovrig_04_ila_command,atadistance,neutral_2 (00000000AA7B2188)
[LOG] SoundI::release                          :  (000000006EE24078)
[LOG] SoundI::release                          :     replikovrig_08_whatshappanedhere (00000000AA7B1CA8)
[LOG] SoundI::release                          :  (00000000AAFF1D98)
[LOG] SoundI::release                          :     replikovrig_01_ila_closeby,happy_1 (00000000AA4744E8)
[LOG] SoundI::release                          :  (00000000AAFF1388)
[LOG] SoundI::release                          :     replikovrig_01_ila_closeby,happy_2 (000000007CD0DD58)
[LOG] SoundI::release                          :  (000000006EE4F0B8)
[LOG] SoundI::release                          :     replikovrig_01_ila_closeby,happy_3 (00000000AA916A48)
[LOG] SoundI::release                          :  (00000000AAFF1AB8)
[LOG] SoundI::release                          :     replikovrig_18_woah (00000000AA4741A8)
[LOG] SoundI::release                          :  (000000006EE24638)
[LOG] SoundI::release                          :     replikovrig_okand_damnitineedmorewood (00000000AA7B1E48)
[LOG] SoundI::release                          :  (00000000AAFF1218)
[LOG] SoundI::release                          :     replikovrig_02_ila_atadistance,happy_1 (000000007CD0DBB8)
[LOG] SoundI::release                          :  (000000006EE241E8)
[LOG] SoundI::release                          :     replikovrig_02_ila_atadistance,happy_2 (00000000AA7B2328)
[LOG] SoundI::release                          :  (000000006EE4E988)
[LOG] SoundI::release                          :     replikovrig_02_ila_atadistance,happy_3 (00000000AA7A9DA8)
[LOG] SoundI::release                          :  (000000006EE4E6A8)
[LOG] SoundI::release                          :     replikovrig_16_itstoocoldicantsleep (00000000AA917748)
[LOG] SoundI::release                          :  (00000000AAFF14F8)
[LOG] SoundI::release                          :     replikovrig_21_thelakeshouldbecompletelyfrozenwhathappaned (000000007CD0DEF8)
[LOG] SoundI::release                          :  (000000006EE4E538)
[LOG] SoundI::release                          :     replikovrig_24_nojustnostop (00000000AA9170C8)
[LOG] SoundI::release                          :  (000000006EE4EF48)
[LOG] SoundI::release                          :     replikovrig_25_itsgettingdark (00000000AA916D88)
[LOG] SoundI::release                          :  (000000006EA81148)
[LOG] SoundI::release                          :     replikovrig_23_itsnotsafe (000000007CD0D878)
[LOG] SoundI::release                          :  (00000000AAFF1C28)
[LOG] SoundI::release                          :     replikovrig_19_icouldhavejesuschrist (00000000AA474348)
[LOG] SoundI::release                          : Last_Day_Outside (00000000AA7976C8)
[LOG] SoundI::release                          :     Last_Day_Outside (00000000AA7A9588)
[LOG] SoundI::release                          :     Last_Day_Outside (00000000AA7AAAC8)
[LOG] SoundI::release                          :  (00000000AAFF1668)
[LOG] SoundI::release                          :     replikovrig_07_somethingsbeenhere (000000007CD0E098)
[LOG] SoundI::release                          :  (000000006EE244C8)
[LOG] SoundI::release                          :     replikovrig_06_ila_pleading,atadistance,panicked (00000000AA7B1FE8)
[LOG] Thread::callback                         : FMOD Studio update thread finished.
[LOG] Thread::callback                         : FMOD Studio bank load thread finished.
[LOG] Profile::disconnectAll                   : Profiler disconnecting all clients
[LOG] Thread::callback                         : FMOD Studio sample load thread finished.
[LOG] LiveUpdate::release                      : 
[LOG] LiveUpdate::reset                        : Reset connection (reason Disconnected)
[LOG] Thread::callback                         : FMOD stream thread finished.
[LOG] Thread::callback                         : FMOD mixer thread finished.
[LOG] Profile::disconnectAll                   : Profiler disconnecting all clients
[LOG] Thread::callback                         : FMOD nonblocking thread (0) finished.
[LOG] Thread::callback                         : FMOD file thread finished.
[LOG] SystemI::close                           : Closed.
